<?xml version="1.0" encoding="UTF-8"?>
<!-- Generated by org.testng.reporters.JUnitXMLReporter -->
<testsuite hostname="DESKTOP-TKHS2O9" ignored="0" name="Default test" tests="9" failures="0" timestamp="2022-04-01T15:17:14 IST" time="63.376" errors="0">
  <testcase name="urlLaunchDetails" time="7.131" classname="com.automation.RunnerClass_TestNG"/>
  <testcase name="homePageDetails" time="8.066" classname="com.automation.RunnerClass_TestNG"/>
  <testcase name="loginPageDetails" time="0.287" classname="com.automation.RunnerClass_TestNG"/>
  <testcase name="personalInformationDetails" time="14.755" classname="com.automation.RunnerClass_TestNG"/>
  <testcase name="cotegoryPageDetails" time="4.179" classname="com.automation.RunnerClass_TestNG"/>
  <testcase name="productPageDetails" time="14.207" classname="com.automation.RunnerClass_TestNG"/>
  <testcase name="orderPageDetails" time="7.163" classname="com.automation.RunnerClass_TestNG"/>
  <testcase name="paymentPageDetails" time="1.721" classname="com.automation.RunnerClass_TestNG"/>
  <testcase name="configurationPageDetails" time="4.68" classname="com.automation.RunnerClass_TestNG"/>
</testsuite> <!-- Default test -->
