<?xml version="1.0" encoding="UTF-8"?>
<!-- Generated by org.testng.reporters.JUnitXMLReporter -->
<testsuite hostname="DESKTOP-TKHS2O9" ignored="0" name="Test" tests="4" failures="1" timestamp="2022-04-01T13:52:05 IST" time="0.105" errors="0">
  <testcase name="username" time="0.02" classname="com.testng.IAnnotationTransformerRunner">
    <skipped/>
  </testcase> <!-- username -->
  <testcase name="username" time="0.0" classname="com.testng.IAnnotationTransformerRunner">
    <skipped/>
  </testcase> <!-- username -->
  <testcase name="username" time="0.0" classname="com.testng.IAnnotationTransformerRunner">
    <failure type="java.lang.AssertionError" message="expected [ALTRIN] but found [Altrin]">
      <![CDATA[java.lang.AssertionError: expected [ALTRIN] but found [Altrin]
at com.testng.IAnnotationTransformerRunner.username(IAnnotationTransformerRunner.java:12)
at java.util.ArrayList.forEach(Unknown Source)
... Removed 33 stack frames]]>
    </failure>
  </testcase> <!-- username -->
  <testcase name="password" time="0.0" classname="com.testng.IAnnotationTransformerRunner"/>
</testsuite> <!-- Test -->
