<?xml version="1.0" encoding="UTF-8"?>
<testng-results skipped="0" failed="0" ignored="0" total="2" passed="2">
  <reporter-output>
  </reporter-output>
  <suite name="Default suite" duration-ms="93" started-at="2022-04-02T12:31:24 IST" finished-at="2022-04-02T12:31:24 IST">
    <groups>
    </groups>
    <test name="Default test" duration-ms="93" started-at="2022-04-02T12:31:24 IST" finished-at="2022-04-02T12:31:24 IST">
      <class name="com.testng.Annotations">
        <test-method status="PASS" signature="setProperty()[pri:0, instance:com.testng.Annotations@42607a4f]" name="setProperty" is-config="true" duration-ms="16" started-at="2022-04-02T12:31:24 IST" finished-at="2022-04-02T12:31:24 IST">
          <reporter-output>
          </reporter-output>
        </test-method> <!-- setProperty -->
        <test-method status="PASS" signature="BrowserLaunch()[pri:0, instance:com.testng.Annotations@42607a4f]" name="BrowserLaunch" is-config="true" duration-ms="0" started-at="2022-04-02T12:31:24 IST" finished-at="2022-04-02T12:31:24 IST">
          <reporter-output>
          </reporter-output>
        </test-method> <!-- BrowserLaunch -->
        <test-method status="PASS" signature="getUrl()[pri:0, instance:com.testng.Annotations@42607a4f]" name="getUrl" is-config="true" duration-ms="0" started-at="2022-04-02T12:31:24 IST" finished-at="2022-04-02T12:31:24 IST">
          <reporter-output>
          </reporter-output>
        </test-method> <!-- getUrl -->
        <test-method status="PASS" signature="children()[pri:0, instance:com.testng.Annotations@42607a4f]" name="children" duration-ms="16" started-at="2022-04-02T12:31:24 IST" finished-at="2022-04-02T12:31:24 IST">
          <reporter-output>
          </reporter-output>
        </test-method> <!-- children -->
        <test-method status="PASS" signature="signin()[pri:0, instance:com.testng.Annotations@42607a4f]" name="signin" is-config="true" duration-ms="0" started-at="2022-04-02T12:31:24 IST" finished-at="2022-04-02T12:31:24 IST">
          <reporter-output>
          </reporter-output>
        </test-method> <!-- signin -->
        <test-method status="PASS" signature="signout()[pri:0, instance:com.testng.Annotations@42607a4f]" name="signout" is-config="true" duration-ms="0" started-at="2022-04-02T12:31:24 IST" finished-at="2022-04-02T12:31:24 IST">
          <reporter-output>
          </reporter-output>
        </test-method> <!-- signout -->
        <test-method status="PASS" signature="women()[pri:0, instance:com.testng.Annotations@42607a4f]" name="women" duration-ms="0" started-at="2022-04-02T12:31:24 IST" finished-at="2022-04-02T12:31:24 IST">
          <reporter-output>
          </reporter-output>
        </test-method> <!-- women -->
        <test-method status="PASS" signature="signin()[pri:0, instance:com.testng.Annotations@42607a4f]" name="signin" is-config="true" duration-ms="0" started-at="2022-04-02T12:31:24 IST" finished-at="2022-04-02T12:31:24 IST">
          <reporter-output>
          </reporter-output>
        </test-method> <!-- signin -->
        <test-method status="PASS" signature="signout()[pri:0, instance:com.testng.Annotations@42607a4f]" name="signout" is-config="true" duration-ms="0" started-at="2022-04-02T12:31:24 IST" finished-at="2022-04-02T12:31:24 IST">
          <reporter-output>
          </reporter-output>
        </test-method> <!-- signout -->
        <test-method status="PASS" signature="homePage()[pri:0, instance:com.testng.Annotations@42607a4f]" name="homePage" is-config="true" duration-ms="0" started-at="2022-04-02T12:31:24 IST" finished-at="2022-04-02T12:31:24 IST">
          <reporter-output>
          </reporter-output>
        </test-method> <!-- homePage -->
        <test-method status="PASS" signature="close()[pri:0, instance:com.testng.Annotations@42607a4f]" name="close" is-config="true" duration-ms="0" started-at="2022-04-02T12:31:24 IST" finished-at="2022-04-02T12:31:24 IST">
          <reporter-output>
          </reporter-output>
        </test-method> <!-- close -->
        <test-method status="PASS" signature="deleteAllCookies()[pri:0, instance:com.testng.Annotations@42607a4f]" name="deleteAllCookies" is-config="true" duration-ms="0" started-at="2022-04-02T12:31:24 IST" finished-at="2022-04-02T12:31:24 IST">
          <reporter-output>
          </reporter-output>
        </test-method> <!-- deleteAllCookies -->
      </class> <!-- com.testng.Annotations -->
    </test> <!-- Default test -->
  </suite> <!-- Default suite -->
</testng-results>
